빌드 시작: 2017-09-11 오후 11:15:00
     1>2 노드의 "C:\Users\USER\Documents\GitHub\Cpp_Class\GradeProject\GradeProject.vcxproj" 프로젝트(Build 대상)입니다.
     1>Link:
         C:\Program Files (x86)\Microsoft Visual Studio 12.0\VC\bin\link.exe /ERRORREPORT:PROMPT /OUT:"C:\Users\USER\Documents\GitHub\Cpp_Class\Debug\GradeProject.exe" /INCREMENTAL /NOLOGO kernel32.lib user32.lib gdi32.lib winspool.lib comdlg32.lib advapi32.lib shell32.lib ole32.lib oleaut32.lib uuid.lib odbc32.lib odbccp32.lib /MANIFEST /MANIFESTUAC:"level='asInvoker' uiAccess='false'" /manifest:embed /DEBUG /PDB:"C:\Users\USER\Documents\GitHub\Cpp_Class\Debug\GradeProject.pdb" /SUBSYSTEM:CONSOLE /TLBID:1 /DYNAMICBASE /NXCOMPAT /IMPLIB:"C:\Users\USER\Documents\GitHub\Cpp_Class\Debug\GradeProject.lib" /MACHINE:X86 Debug\GradeProject03.obj
         Debug\GradeProject02.obj
         Debug\GradeProject04.obj
     1>GradeProject02.obj : error LNK2005: _main이(가) GradeProject03.obj에 이미 정의되어 있습니다.
     1>GradeProject04.obj : error LNK2005: _main이(가) GradeProject03.obj에 이미 정의되어 있습니다.
     1>C:\Users\USER\Documents\GitHub\Cpp_Class\Debug\GradeProject.exe : fatal error LNK1169: 여러 번 정의된 기호가 있습니다.
     1>"C:\Users\USER\Documents\GitHub\Cpp_Class\GradeProject\GradeProject.vcxproj" 프로젝트를 빌드했습니다(Build 대상). - 실패

빌드하지 못했습니다.

경과 시간: 00:00:00.42
